<?xml version="1.0" encoding="UTF-8"?>
<testsuite xmlns:xsi="http://www.w3.org/2001/XMLSchema-instance" xsi:noNamespaceSchemaLocation="https://maven.apache.org/surefire/maven-surefire-plugin/xsd/surefire-test-report-3.0.xsd" version="3.0" name="TestSuite" time="21.562" tests="28" errors="0" skipped="0" failures="0">
  <properties>
    <property name="sun.desktop" value="windows"/>
    <property name="awt.toolkit" value="sun.awt.windows.WToolkit"/>
    <property name="java.specification.version" value="11"/>
    <property name="webdriver.chrome.driver" value="C:\Users\Trung Hieu - admin\.cache\selenium\chromedriver\win32\95.0.4638.69\chromedriver.exe"/>
    <property name="sun.cpu.isalist" value="amd64"/>
    <property name="sun.jnu.encoding" value="Cp1252"/>
    <property name="java.class.path" value="D:\HIEU DAILY\MVN\hybrid-framework-bankguru\target\test-classes;D:\HIEU DAILY\MVN\hybrid-framework-bankguru\target\classes;C:\Users\Trung Hieu - admin\.m2\repository\org\aspectj\aspectjweaver\1.9.7\aspectjweaver-1.9.7.jar;C:\Users\Trung Hieu - admin\.m2\repository\org\seleniumhq\selenium\selenium-server\3.141.59\selenium-server-3.141.59.jar;C:\Users\Trung Hieu - admin\.m2\repository\org\seleniumhq\selenium\selenium-java\3.141.59\selenium-java-3.141.59.jar;C:\Users\Trung Hieu - admin\.m2\repository\org\seleniumhq\selenium\selenium-api\3.141.59\selenium-api-3.141.59.jar;C:\Users\Trung Hieu - admin\.m2\repository\org\seleniumhq\selenium\selenium-chrome-driver\3.141.59\selenium-chrome-driver-3.141.59.jar;C:\Users\Trung Hieu - admin\.m2\repository\org\seleniumhq\selenium\selenium-edge-driver\3.141.59\selenium-edge-driver-3.141.59.jar;C:\Users\Trung Hieu - admin\.m2\repository\org\seleniumhq\selenium\selenium-firefox-driver\3.141.59\selenium-firefox-driver-3.141.59.jar;C:\Users\Trung Hieu - admin\.m2\repository\org\seleniumhq\selenium\selenium-ie-driver\3.141.59\selenium-ie-driver-3.141.59.jar;C:\Users\Trung Hieu - admin\.m2\repository\org\seleniumhq\selenium\selenium-opera-driver\3.141.59\selenium-opera-driver-3.141.59.jar;C:\Users\Trung Hieu - admin\.m2\repository\org\seleniumhq\selenium\selenium-remote-driver\3.141.59\selenium-remote-driver-3.141.59.jar;C:\Users\Trung Hieu - admin\.m2\repository\org\seleniumhq\selenium\selenium-safari-driver\3.141.59\selenium-safari-driver-3.141.59.jar;C:\Users\Trung Hieu - admin\.m2\repository\org\seleniumhq\selenium\selenium-support\3.141.59\selenium-support-3.141.59.jar;C:\Users\Trung Hieu - admin\.m2\repository\com\beust\jcommander\1.72\jcommander-1.72.jar;C:\Users\Trung Hieu - admin\.m2\repository\net\bytebuddy\byte-buddy\1.8.15\byte-buddy-1.8.15.jar;C:\Users\Trung Hieu - admin\.m2\repository\org\apache\commons\commons-exec\1.3\commons-exec-1.3.jar;C:\Users\Trung Hieu - admin\.m2\repository\com\google\guava\guava\25.0-jre\guava-25.0-jre.jar;C:\Users\Trung Hieu - admin\.m2\repository\com\google\code\findbugs\jsr305\1.3.9\jsr305-1.3.9.jar;C:\Users\Trung Hieu - admin\.m2\repository\org\checkerframework\checker-compat-qual\2.0.0\checker-compat-qual-2.0.0.jar;C:\Users\Trung Hieu - admin\.m2\repository\com\google\errorprone\error_prone_annotations\2.1.3\error_prone_annotations-2.1.3.jar;C:\Users\Trung Hieu - admin\.m2\repository\com\google\j2objc\j2objc-annotations\1.1\j2objc-annotations-1.1.jar;C:\Users\Trung Hieu - admin\.m2\repository\org\codehaus\mojo\animal-sniffer-annotations\1.14\animal-sniffer-annotations-1.14.jar;C:\Users\Trung Hieu - admin\.m2\repository\net\jcip\jcip-annotations\1.0\jcip-annotations-1.0.jar;C:\Users\Trung Hieu - admin\.m2\repository\org\seleniumhq\selenium\jetty-repacked\9.4.12.v20180830\jetty-repacked-9.4.12.v20180830.jar;C:\Users\Trung Hieu - admin\.m2\repository\com\squareup\okhttp3\okhttp\3.11.0\okhttp-3.11.0.jar;C:\Users\Trung Hieu - admin\.m2\repository\com\squareup\okio\okio\1.14.0\okio-1.14.0.jar;C:\Users\Trung Hieu - admin\.m2\repository\javax\servlet\javax.servlet-api\3.1.0\javax.servlet-api-3.1.0.jar;C:\Users\Trung Hieu - admin\.m2\repository\org\yaml\snakeyaml\1.19\snakeyaml-1.19.jar;C:\Users\Trung Hieu - admin\.m2\repository\org\testng\testng\6.14.3\testng-6.14.3.jar;C:\Users\Trung Hieu - admin\.m2\repository\org\apache-extras\beanshell\bsh\2.0b6\bsh-2.0b6.jar;C:\Users\Trung Hieu - admin\.m2\repository\io\github\bonigarcia\webdrivermanager\5.0.3\webdrivermanager-5.0.3.jar;C:\Users\Trung Hieu - admin\.m2\repository\com\google\code\gson\gson\2.8.8\gson-2.8.8.jar;C:\Users\Trung Hieu - admin\.m2\repository\org\jsoup\jsoup\1.14.2\jsoup-1.14.2.jar;C:\Users\Trung Hieu - admin\.m2\repository\com\github\docker-java\docker-java\3.2.12\docker-java-3.2.12.jar;C:\Users\Trung Hieu - admin\.m2\repository\com\github\docker-java\docker-java-core\3.2.12\docker-java-core-3.2.12.jar;C:\Users\Trung Hieu - admin\.m2\repository\com\github\docker-java\docker-java-api\3.2.12\docker-java-api-3.2.12.jar;C:\Users\Trung Hieu - admin\.m2\repository\org\apache\commons\commons-compress\1.21\commons-compress-1.21.jar;C:\Users\Trung Hieu - admin\.m2\repository\commons-lang\commons-lang\2.6\commons-lang-2.6.jar;C:\Users\Trung Hieu - admin\.m2\repository\org\bouncycastle\bcpkix-jdk15on\1.64\bcpkix-jdk15on-1.64.jar;C:\Users\Trung Hieu - admin\.m2\repository\org\bouncycastle\bcprov-jdk15on\1.64\bcprov-jdk15on-1.64.jar;C:\Users\Trung Hieu - admin\.m2\repository\org\slf4j\jcl-over-slf4j\1.7.30\jcl-over-slf4j-1.7.30.jar;C:\Users\Trung Hieu - admin\.m2\repository\com\github\docker-java\docker-java-transport-httpclient5\3.2.12\docker-java-transport-httpclient5-3.2.12.jar;C:\Users\Trung Hieu - admin\.m2\repository\com\github\docker-java\docker-java-transport\3.2.12\docker-java-transport-3.2.12.jar;C:\Users\Trung Hieu - admin\.m2\repository\org\apache\httpcomponents\client5\httpclient5\5.0.3\httpclient5-5.0.3.jar;C:\Users\Trung Hieu - admin\.m2\repository\org\apache\httpcomponents\core5\httpcore5\5.0.2\httpcore5-5.0.2.jar;C:\Users\Trung Hieu - admin\.m2\repository\commons-codec\commons-codec\1.13\commons-codec-1.13.jar;C:\Users\Trung Hieu - admin\.m2\repository\net\java\dev\jna\jna\5.8.0\jna-5.8.0.jar;C:\Users\Trung Hieu - admin\.m2\repository\org\brotli\dec\0.1.2\dec-0.1.2.jar;C:\Users\Trung Hieu - admin\.m2\repository\org\apache\logging\log4j\log4j-api\2.14.1\log4j-api-2.14.1.jar;C:\Users\Trung Hieu - admin\.m2\repository\org\apache\logging\log4j\log4j-core\2.14.1\log4j-core-2.14.1.jar;C:\Users\Trung Hieu - admin\.m2\repository\io\qameta\allure\allure-testng\2.13.9\allure-testng-2.13.9.jar;C:\Users\Trung Hieu - admin\.m2\repository\io\qameta\allure\allure-java-commons\2.13.9\allure-java-commons-2.13.9.jar;C:\Users\Trung Hieu - admin\.m2\repository\io\qameta\allure\allure-model\2.13.9\allure-model-2.13.9.jar;C:\Users\Trung Hieu - admin\.m2\repository\org\apache\tika\tika-core\1.25\tika-core-1.25.jar;C:\Users\Trung Hieu - admin\.m2\repository\org\jooq\joor-java-8\0.9.13\joor-java-8-0.9.13.jar;C:\Users\Trung Hieu - admin\.m2\repository\io\qameta\allure\allure-test-filter\2.13.9\allure-test-filter-2.13.9.jar;C:\Users\Trung Hieu - admin\.m2\repository\ru\yandex\qatools\ashot\ashot\1.5.4\ashot-1.5.4.jar;C:\Users\Trung Hieu - admin\.m2\repository\commons-io\commons-io\2.5\commons-io-2.5.jar;C:\Users\Trung Hieu - admin\.m2\repository\org\hamcrest\hamcrest-core\1.3\hamcrest-core-1.3.jar;C:\Users\Trung Hieu - admin\.m2\repository\org\slf4j\slf4j-api\1.7.32\slf4j-api-1.7.32.jar;C:\Users\Trung Hieu - admin\.m2\repository\org\slf4j\slf4j-simple\1.7.32\slf4j-simple-1.7.32.jar;C:\Users\Trung Hieu - admin\.m2\repository\com\fasterxml\jackson\core\jackson-core\2.13.0\jackson-core-2.13.0.jar;C:\Users\Trung Hieu - admin\.m2\repository\com\fasterxml\jackson\core\jackson-annotations\2.13.0\jackson-annotations-2.13.0.jar;C:\Users\Trung Hieu - admin\.m2\repository\com\fasterxml\jackson\core\jackson-databind\2.13.0\jackson-databind-2.13.0.jar;"/>
    <property name="java.vm.vendor" value="Oracle Corporation"/>
    <property name="sun.arch.data.model" value="64"/>
    <property name="user.variant" value=""/>
    <property name="java.vendor.url" value="https://openjdk.java.net/"/>
    <property name="user.timezone" value="Asia/Bangkok"/>
    <property name="java.vm.specification.version" value="11"/>
    <property name="os.name" value="Windows 10"/>
    <property name="sun.java.launcher" value="SUN_STANDARD"/>
    <property name="user.country" value="US"/>
    <property name="sun.boot.library.path" value="D:\Java\jdk11\bin"/>
    <property name="sun.java.command" value="C:\Users\Trung Hieu - admin\AppData\Local\Temp\surefire6074280574958228614\surefirebooter539924350747335617.jar C:\Users\Trung Hieu - admin\AppData\Local\Temp\surefire6074280574958228614 2021-11-11T04-45-02_768-jvmRun1 surefire6388830198354625304tmp surefire_06072668099634850125tmp"/>
    <property name="jdk.debug" value="release"/>
    <property name="surefire.test.class.path" value="D:\HIEU DAILY\MVN\hybrid-framework-bankguru\target\test-classes;D:\HIEU DAILY\MVN\hybrid-framework-bankguru\target\classes;C:\Users\Trung Hieu - admin\.m2\repository\org\aspectj\aspectjweaver\1.9.7\aspectjweaver-1.9.7.jar;C:\Users\Trung Hieu - admin\.m2\repository\org\seleniumhq\selenium\selenium-server\3.141.59\selenium-server-3.141.59.jar;C:\Users\Trung Hieu - admin\.m2\repository\org\seleniumhq\selenium\selenium-java\3.141.59\selenium-java-3.141.59.jar;C:\Users\Trung Hieu - admin\.m2\repository\org\seleniumhq\selenium\selenium-api\3.141.59\selenium-api-3.141.59.jar;C:\Users\Trung Hieu - admin\.m2\repository\org\seleniumhq\selenium\selenium-chrome-driver\3.141.59\selenium-chrome-driver-3.141.59.jar;C:\Users\Trung Hieu - admin\.m2\repository\org\seleniumhq\selenium\selenium-edge-driver\3.141.59\selenium-edge-driver-3.141.59.jar;C:\Users\Trung Hieu - admin\.m2\repository\org\seleniumhq\selenium\selenium-firefox-driver\3.141.59\selenium-firefox-driver-3.141.59.jar;C:\Users\Trung Hieu - admin\.m2\repository\org\seleniumhq\selenium\selenium-ie-driver\3.141.59\selenium-ie-driver-3.141.59.jar;C:\Users\Trung Hieu - admin\.m2\repository\org\seleniumhq\selenium\selenium-opera-driver\3.141.59\selenium-opera-driver-3.141.59.jar;C:\Users\Trung Hieu - admin\.m2\repository\org\seleniumhq\selenium\selenium-remote-driver\3.141.59\selenium-remote-driver-3.141.59.jar;C:\Users\Trung Hieu - admin\.m2\repository\org\seleniumhq\selenium\selenium-safari-driver\3.141.59\selenium-safari-driver-3.141.59.jar;C:\Users\Trung Hieu - admin\.m2\repository\org\seleniumhq\selenium\selenium-support\3.141.59\selenium-support-3.141.59.jar;C:\Users\Trung Hieu - admin\.m2\repository\com\beust\jcommander\1.72\jcommander-1.72.jar;C:\Users\Trung Hieu - admin\.m2\repository\net\bytebuddy\byte-buddy\1.8.15\byte-buddy-1.8.15.jar;C:\Users\Trung Hieu - admin\.m2\repository\org\apache\commons\commons-exec\1.3\commons-exec-1.3.jar;C:\Users\Trung Hieu - admin\.m2\repository\com\google\guava\guava\25.0-jre\guava-25.0-jre.jar;C:\Users\Trung Hieu - admin\.m2\repository\com\google\code\findbugs\jsr305\1.3.9\jsr305-1.3.9.jar;C:\Users\Trung Hieu - admin\.m2\repository\org\checkerframework\checker-compat-qual\2.0.0\checker-compat-qual-2.0.0.jar;C:\Users\Trung Hieu - admin\.m2\repository\com\google\errorprone\error_prone_annotations\2.1.3\error_prone_annotations-2.1.3.jar;C:\Users\Trung Hieu - admin\.m2\repository\com\google\j2objc\j2objc-annotations\1.1\j2objc-annotations-1.1.jar;C:\Users\Trung Hieu - admin\.m2\repository\org\codehaus\mojo\animal-sniffer-annotations\1.14\animal-sniffer-annotations-1.14.jar;C:\Users\Trung Hieu - admin\.m2\repository\net\jcip\jcip-annotations\1.0\jcip-annotations-1.0.jar;C:\Users\Trung Hieu - admin\.m2\repository\org\seleniumhq\selenium\jetty-repacked\9.4.12.v20180830\jetty-repacked-9.4.12.v20180830.jar;C:\Users\Trung Hieu - admin\.m2\repository\com\squareup\okhttp3\okhttp\3.11.0\okhttp-3.11.0.jar;C:\Users\Trung Hieu - admin\.m2\repository\com\squareup\okio\okio\1.14.0\okio-1.14.0.jar;C:\Users\Trung Hieu - admin\.m2\repository\javax\servlet\javax.servlet-api\3.1.0\javax.servlet-api-3.1.0.jar;C:\Users\Trung Hieu - admin\.m2\repository\org\yaml\snakeyaml\1.19\snakeyaml-1.19.jar;C:\Users\Trung Hieu - admin\.m2\repository\org\testng\testng\6.14.3\testng-6.14.3.jar;C:\Users\Trung Hieu - admin\.m2\repository\org\apache-extras\beanshell\bsh\2.0b6\bsh-2.0b6.jar;C:\Users\Trung Hieu - admin\.m2\repository\io\github\bonigarcia\webdrivermanager\5.0.3\webdrivermanager-5.0.3.jar;C:\Users\Trung Hieu - admin\.m2\repository\com\google\code\gson\gson\2.8.8\gson-2.8.8.jar;C:\Users\Trung Hieu - admin\.m2\repository\org\jsoup\jsoup\1.14.2\jsoup-1.14.2.jar;C:\Users\Trung Hieu - admin\.m2\repository\com\github\docker-java\docker-java\3.2.12\docker-java-3.2.12.jar;C:\Users\Trung Hieu - admin\.m2\repository\com\github\docker-java\docker-java-core\3.2.12\docker-java-core-3.2.12.jar;C:\Users\Trung Hieu - admin\.m2\repository\com\github\docker-java\docker-java-api\3.2.12\docker-java-api-3.2.12.jar;C:\Users\Trung Hieu - admin\.m2\repository\org\apache\commons\commons-compress\1.21\commons-compress-1.21.jar;C:\Users\Trung Hieu - admin\.m2\repository\commons-lang\commons-lang\2.6\commons-lang-2.6.jar;C:\Users\Trung Hieu - admin\.m2\repository\org\bouncycastle\bcpkix-jdk15on\1.64\bcpkix-jdk15on-1.64.jar;C:\Users\Trung Hieu - admin\.m2\repository\org\bouncycastle\bcprov-jdk15on\1.64\bcprov-jdk15on-1.64.jar;C:\Users\Trung Hieu - admin\.m2\repository\org\slf4j\jcl-over-slf4j\1.7.30\jcl-over-slf4j-1.7.30.jar;C:\Users\Trung Hieu - admin\.m2\repository\com\github\docker-java\docker-java-transport-httpclient5\3.2.12\docker-java-transport-httpclient5-3.2.12.jar;C:\Users\Trung Hieu - admin\.m2\repository\com\github\docker-java\docker-java-transport\3.2.12\docker-java-transport-3.2.12.jar;C:\Users\Trung Hieu - admin\.m2\repository\org\apache\httpcomponents\client5\httpclient5\5.0.3\httpclient5-5.0.3.jar;C:\Users\Trung Hieu - admin\.m2\repository\org\apache\httpcomponents\core5\httpcore5\5.0.2\httpcore5-5.0.2.jar;C:\Users\Trung Hieu - admin\.m2\repository\commons-codec\commons-codec\1.13\commons-codec-1.13.jar;C:\Users\Trung Hieu - admin\.m2\repository\net\java\dev\jna\jna\5.8.0\jna-5.8.0.jar;C:\Users\Trung Hieu - admin\.m2\repository\org\brotli\dec\0.1.2\dec-0.1.2.jar;C:\Users\Trung Hieu - admin\.m2\repository\org\apache\logging\log4j\log4j-api\2.14.1\log4j-api-2.14.1.jar;C:\Users\Trung Hieu - admin\.m2\repository\org\apache\logging\log4j\log4j-core\2.14.1\log4j-core-2.14.1.jar;C:\Users\Trung Hieu - admin\.m2\repository\io\qameta\allure\allure-testng\2.13.9\allure-testng-2.13.9.jar;C:\Users\Trung Hieu - admin\.m2\repository\io\qameta\allure\allure-java-commons\2.13.9\allure-java-commons-2.13.9.jar;C:\Users\Trung Hieu - admin\.m2\repository\io\qameta\allure\allure-model\2.13.9\allure-model-2.13.9.jar;C:\Users\Trung Hieu - admin\.m2\repository\org\apache\tika\tika-core\1.25\tika-core-1.25.jar;C:\Users\Trung Hieu - admin\.m2\repository\org\jooq\joor-java-8\0.9.13\joor-java-8-0.9.13.jar;C:\Users\Trung Hieu - admin\.m2\repository\io\qameta\allure\allure-test-filter\2.13.9\allure-test-filter-2.13.9.jar;C:\Users\Trung Hieu - admin\.m2\repository\ru\yandex\qatools\ashot\ashot\1.5.4\ashot-1.5.4.jar;C:\Users\Trung Hieu - admin\.m2\repository\commons-io\commons-io\2.5\commons-io-2.5.jar;C:\Users\Trung Hieu - admin\.m2\repository\org\hamcrest\hamcrest-core\1.3\hamcrest-core-1.3.jar;C:\Users\Trung Hieu - admin\.m2\repository\org\slf4j\slf4j-api\1.7.32\slf4j-api-1.7.32.jar;C:\Users\Trung Hieu - admin\.m2\repository\org\slf4j\slf4j-simple\1.7.32\slf4j-simple-1.7.32.jar;C:\Users\Trung Hieu - admin\.m2\repository\com\fasterxml\jackson\core\jackson-core\2.13.0\jackson-core-2.13.0.jar;C:\Users\Trung Hieu - admin\.m2\repository\com\fasterxml\jackson\core\jackson-annotations\2.13.0\jackson-annotations-2.13.0.jar;C:\Users\Trung Hieu - admin\.m2\repository\com\fasterxml\jackson\core\jackson-databind\2.13.0\jackson-databind-2.13.0.jar;"/>
    <property name="sun.cpu.endian" value="little"/>
    <property name="user.home" value="C:\Users\Trung Hieu - admin"/>
    <property name="user.language" value="en"/>
    <property name="java.specification.vendor" value="Oracle Corporation"/>
    <property name="java.version.date" value="2021-04-20"/>
    <property name="java.home" value="D:\Java\jdk11"/>
    <property name="file.separator" value="\"/>
    <property name="basedir" value="D:\HIEU DAILY\MVN\hybrid-framework-bankguru"/>
    <property name="java.vm.compressedOopsMode" value="32-bit"/>
    <property name="line.separator" value="&#10;"/>
    <property name="java.specification.name" value="Java Platform API Specification"/>
    <property name="java.vm.specification.vendor" value="Oracle Corporation"/>
    <property name="java.awt.graphicsenv" value="sun.awt.Win32GraphicsEnvironment"/>
    <property name="surefire.real.class.path" value="C:\Users\Trung Hieu - admin\AppData\Local\Temp\surefire6074280574958228614\surefirebooter539924350747335617.jar"/>
    <property name="user.script" value=""/>
    <property name="sun.management.compiler" value="HotSpot 64-Bit Tiered Compilers"/>
    <property name="java.runtime.version" value="11.0.11+9-LTS-194"/>
    <property name="user.name" value="Trung Hieu - admin"/>
    <property name="path.separator" value=";"/>
    <property name="os.version" value="10.0"/>
    <property name="java.runtime.name" value="Java(TM) SE Runtime Environment"/>
    <property name="file.encoding" value="Cp1252"/>
    <property name="java.vm.name" value="Java HotSpot(TM) 64-Bit Server VM"/>
    <property name="java.vendor.version" value="18.9"/>
    <property name="localRepository" value="C:\Users\Trung Hieu - admin\.m2\repository"/>
    <property name="java.vendor.url.bug" value="https://bugreport.java.com/bugreport/"/>
    <property name="java.io.tmpdir" value="C:\Users\TRUNGH~1\AppData\Local\Temp\"/>
    <property name="java.version" value="11.0.11"/>
    <property name="user.dir" value="D:\HIEU DAILY\MVN\hybrid-framework-bankguru"/>
    <property name="os.arch" value="amd64"/>
    <property name="java.vm.specification.name" value="Java Virtual Machine Specification"/>
    <property name="java.awt.printerjob" value="sun.awt.windows.WPrinterJob"/>
    <property name="sun.os.patch.level" value=""/>
    <property name="java.library.path" value="D:\Java\jdk11\bin;C:\WINDOWS\Sun\Java\bin;C:\WINDOWS\system32;C:\WINDOWS;C:\WINDOWS\system32;C:\WINDOWS;C:\WINDOWS\System32\Wbem;C:\WINDOWS\System32\WindowsPowerShell\v1.0\;C:\WINDOWS\System32\OpenSSH\;D:\Java\jdk11\\bin;D:\Eclipse-06-21\eclipse;C:\Gradle\gradle-7.2\bin;C:\Program Files\Git\cmd;C:\Program Files\nodejs\;C:\Maven 3.8.3\apache-maven-3.8.3-bin\apache-maven-3.8.3\bin;C:\allure-commandline-2.9.0\allure-2.9.0\bin;C:\Users\Trung Hieu - admin\AppData\Local\Microsoft\WindowsApps;D:\Java\jdk11\bin;C:\Gradle\gradle-7.2\bin;D:\Eclipse-06-21\eclipse;C:\Users\Trung Hieu - admin\AppData\Roaming\npm;."/>
    <property name="java.vendor" value="Oracle Corporation"/>
    <property name="java.vm.info" value="mixed mode"/>
    <property name="java.vm.version" value="11.0.11+9-LTS-194"/>
    <property name="sun.io.unicode.encoding" value="UnicodeLittle"/>
    <property name="java.class.version" value="55.0"/>
  </properties>
  <testcase name="TC_01_Name_Cannot_Empty" classname="testcases.com.bankguru.TC_02_New_Customer" time="0.35">
    <system-err><![CDATA[[main] INFO io.github.bonigarcia.wdm.WebDriverManager - Using chromedriver 95.0.4638.69 (resolved driver for Chrome 95)
[main] INFO io.github.bonigarcia.wdm.WebDriverManager - Exporting webdriver.chrome.driver as C:\Users\Trung Hieu - admin\.cache\selenium\chromedriver\win32\95.0.4638.69\chromedriver.exe
Starting ChromeDriver 95.0.4638.69 (6a1600ed572fedecd573b6c2b90a22fe6392a410-refs/branch-heads/4638@{#984}) on port 32416
Only local connections are allowed.
Please see https://chromedriver.chromium.org/security-considerations for suggestions on keeping ChromeDriver safe.
ChromeDriver was started successfully.
Nov 11, 2021 4:45:11 AM org.openqa.selenium.remote.ProtocolHandshake createSession
INFO: Detected dialect: W3C
]]></system-err>
  </testcase>
  <testcase name="TC_02_Name_Cannot_Be_Numeric" classname="testcases.com.bankguru.TC_02_New_Customer" time="0.433"/>
  <testcase name="TC_03_Name_Cannot_Have_Special_Characters" classname="testcases.com.bankguru.TC_02_New_Customer" time="0.383"/>
  <testcase name="TC_04_Name_First_Char_Cannot_Be_Space" classname="testcases.com.bankguru.TC_02_New_Customer" time="0.204"/>
  <testcase name="TC_05_Address_Cannot_Be_Empty" classname="testcases.com.bankguru.TC_02_New_Customer" time="0.211"/>
  <testcase name="TC_06_Address_First_Char_Cannot_Be_Space" classname="testcases.com.bankguru.TC_02_New_Customer" time="0.217"/>
  <testcase name="TC_07_City_Cannot_Be_Empty" classname="testcases.com.bankguru.TC_02_New_Customer" time="0.235"/>
  <testcase name="TC_08_City_Cannot_Be_Numeric" classname="testcases.com.bankguru.TC_02_New_Customer" time="0.437"/>
  <testcase name="TC_09_City_Cannot_Have_Special_Characters" classname="testcases.com.bankguru.TC_02_New_Customer" time="0.325"/>
  <testcase name="TC_10_City_First_Char_Cannot_Be_Space" classname="testcases.com.bankguru.TC_02_New_Customer" time="0.184"/>
  <testcase name="TC_11_State_Cannot_Be_Empty" classname="testcases.com.bankguru.TC_02_New_Customer" time="0.2"/>
  <testcase name="TC_12_State_Cannot_Be_Numeric" classname="testcases.com.bankguru.TC_02_New_Customer" time="0.41"/>
  <testcase name="TC_13_State_Cannot_Have_Special_Characters" classname="testcases.com.bankguru.TC_02_New_Customer" time="0.418"/>
  <testcase name="TC_14_State_First_Char_Cannot_Be_Space" classname="testcases.com.bankguru.TC_02_New_Customer" time="0.201"/>
  <testcase name="TC_15_Pin_Must_Be_Numeric" classname="testcases.com.bankguru.TC_02_New_Customer" time="0.265"/>
  <testcase name="TC_16_Pin_Cannot_Be_Empty" classname="testcases.com.bankguru.TC_02_New_Customer" time="0.195"/>
  <testcase name="TC_17_Pin_Must_Have_Six_Digits" classname="testcases.com.bankguru.TC_02_New_Customer" time="0.187"/>
  <testcase name="TC_18_Pin_Cannot_Have_Special_Character" classname="testcases.com.bankguru.TC_02_New_Customer" time="0.191"/>
  <testcase name="TC_19_Pin_Cannot_Have_Special_Character" classname="testcases.com.bankguru.TC_02_New_Customer" time="0.198"/>
  <testcase name="TC_20_Pin_Cannot_Have_Blank_Space" classname="testcases.com.bankguru.TC_02_New_Customer" time="0.185"/>
  <testcase name="TC_21_Telephone_Cannot_Be_Empty" classname="testcases.com.bankguru.TC_02_New_Customer" time="0.217"/>
  <testcase name="TC_22_Telephone_Cannot_Be_Special_Character" classname="testcases.com.bankguru.TC_02_New_Customer" time="0.449"/>
  <testcase name="TC_23_Telephone_Cannot_Have_Space" classname="testcases.com.bankguru.TC_02_New_Customer" time="0.199"/>
  <testcase name="TC_24_Telephone_First_Char_Cannot_Be_Space" classname="testcases.com.bankguru.TC_02_New_Customer" time="0.266"/>
  <testcase name="TC_25_Email_Cannot_Be_Empty" classname="testcases.com.bankguru.TC_02_New_Customer" time="0.217"/>
  <testcase name="TC_26_Email_Must_Be_In_Correct_Format" classname="testcases.com.bankguru.TC_02_New_Customer" time="1"/>
  <testcase name="TC_27_Telephone_First_Char_Cannot_Be_Space" classname="testcases.com.bankguru.TC_02_New_Customer" time="0.216"/>
  <testcase name="TC_28_Check_All_Field_Name" classname="testcases.com.bankguru.TC_02_New_Customer" time="0.564"/>
</testsuite>