<?xml version="1.0" encoding="UTF-8"?>
<!-- Generated by org.testng.reporters.JUnitReportReporter -->
<testsuite hostname="trunghieu-automate" failures="0" tests="28" name="testcases.com.bankguru.TC_02_New_Customer" time="8.489" errors="0" timestamp="10 Nov 2021 21:45:25 GMT" skipped="0">
  <testcase classname="testcases.com.bankguru.TC_02_New_Customer" name="TC_01_Name_Cannot_Empty" time="0.316"/>
  <testcase classname="testcases.com.bankguru.TC_02_New_Customer" name="TC_06_Address_First_Char_Cannot_Be_Space" time="0.217"/>
  <testcase classname="testcases.com.bankguru.TC_02_New_Customer" name="TC_26_Email_Must_Be_In_Correct_Format" time="0.998"/>
  <testcase classname="testcases.com.bankguru.TC_02_New_Customer" name="TC_15_Pin_Must_Be_Numeric" time="0.265"/>
  <testcase classname="testcases.com.bankguru.TC_02_New_Customer" name="TC_04_Name_First_Char_Cannot_Be_Space" time="0.202"/>
  <testcase classname="testcases.com.bankguru.TC_02_New_Customer" name="TC_09_City_Cannot_Have_Special_Characters" time="0.325"/>
  <testcase classname="testcases.com.bankguru.TC_02_New_Customer" name="TC_08_City_Cannot_Be_Numeric" time="0.437"/>
  <testcase classname="testcases.com.bankguru.TC_02_New_Customer" name="TC_12_State_Cannot_Be_Numeric" time="0.412"/>
  <testcase classname="testcases.com.bankguru.TC_02_New_Customer" name="TC_14_State_First_Char_Cannot_Be_Space" time="0.200"/>
  <testcase classname="testcases.com.bankguru.TC_02_New_Customer" name="TC_10_City_First_Char_Cannot_Be_Space" time="0.182"/>
  <testcase classname="testcases.com.bankguru.TC_02_New_Customer" name="TC_22_Telephone_Cannot_Be_Special_Character" time="0.450"/>
  <testcase classname="testcases.com.bankguru.TC_02_New_Customer" name="TC_07_City_Cannot_Be_Empty" time="0.233"/>
  <testcase classname="testcases.com.bankguru.TC_02_New_Customer" name="TC_03_Name_Cannot_Have_Special_Characters" time="0.369"/>
  <testcase classname="testcases.com.bankguru.TC_02_New_Customer" name="TC_17_Pin_Must_Have_Six_Digits" time="0.188"/>
  <testcase classname="testcases.com.bankguru.TC_02_New_Customer" name="TC_18_Pin_Cannot_Have_Special_Character" time="0.190"/>
  <testcase classname="testcases.com.bankguru.TC_02_New_Customer" name="TC_28_Check_All_Field_Name" time="0.564"/>
  <testcase classname="testcases.com.bankguru.TC_02_New_Customer" name="TC_05_Address_Cannot_Be_Empty" time="0.213"/>
  <testcase classname="testcases.com.bankguru.TC_02_New_Customer" name="TC_23_Telephone_Cannot_Have_Space" time="0.200"/>
  <testcase classname="testcases.com.bankguru.TC_02_New_Customer" name="TC_16_Pin_Cannot_Be_Empty" time="0.192"/>
  <testcase classname="testcases.com.bankguru.TC_02_New_Customer" name="TC_13_State_Cannot_Have_Special_Characters" time="0.403"/>
  <testcase classname="testcases.com.bankguru.TC_02_New_Customer" name="TC_21_Telephone_Cannot_Be_Empty" time="0.217"/>
  <testcase classname="testcases.com.bankguru.TC_02_New_Customer" name="TC_02_Name_Cannot_Be_Numeric" time="0.433"/>
  <testcase classname="testcases.com.bankguru.TC_02_New_Customer" name="TC_27_Telephone_First_Char_Cannot_Be_Space" time="0.216"/>
  <testcase classname="testcases.com.bankguru.TC_02_New_Customer" name="TC_19_Pin_Cannot_Have_Special_Character" time="0.199"/>
  <testcase classname="testcases.com.bankguru.TC_02_New_Customer" name="TC_24_Telephone_First_Char_Cannot_Be_Space" time="0.266"/>
  <testcase classname="testcases.com.bankguru.TC_02_New_Customer" name="TC_11_State_Cannot_Be_Empty" time="0.201"/>
  <testcase classname="testcases.com.bankguru.TC_02_New_Customer" name="TC_20_Pin_Cannot_Have_Blank_Space" time="0.184"/>
  <testcase classname="testcases.com.bankguru.TC_02_New_Customer" name="TC_25_Email_Cannot_Be_Empty" time="0.217"/>
</testsuite> <!-- testcases.com.bankguru.TC_02_New_Customer -->
